TN:
SF:src/mod.ts
FN:52,<instance_members_initializer>
FN:55,addObserver
FN:59,removeObserver
FN:63,notify
FN:82,update
FNF:5
FNH:5
FNDA:7,<instance_members_initializer>
FNDA:3,addObserver
FNDA:2,removeObserver
FNDA:5,notify
FNDA:3,update
DA:1,1
DA:2,1
DA:3,1
DA:4,1
DA:5,1
DA:6,1
DA:7,1
DA:8,1
DA:9,1
DA:10,1
DA:11,1
DA:12,1
DA:13,1
DA:14,1
DA:15,1
DA:16,1
DA:17,1
DA:18,1
DA:19,1
DA:20,1
DA:21,1
DA:22,1
DA:23,1
DA:24,1
DA:25,1
DA:26,1
DA:27,1
DA:28,1
DA:29,1
DA:30,1
DA:31,1
DA:32,1
DA:33,1
DA:34,1
DA:35,1
DA:36,1
DA:37,1
DA:38,1
DA:39,1
DA:40,1
DA:41,1
DA:42,1
DA:43,1
DA:44,1
DA:45,1
DA:46,1
DA:47,1
DA:48,1
DA:49,1
DA:50,1
DA:51,1
DA:52,1
DA:53,7
DA:54,7
DA:55,7
DA:56,3
DA:57,3
DA:58,7
DA:59,7
DA:60,2
DA:61,2
DA:62,7
DA:63,7
DA:64,5
DA:65,5
DA:66,7
DA:67,1
DA:68,1
DA:69,1
DA:70,1
DA:71,1
DA:72,1
DA:73,1
DA:74,1
DA:75,1
DA:76,1
DA:77,1
DA:78,1
DA:79,1
DA:80,1
DA:81,1
DA:82,1
DA:83,3
DA:84,3
DA:85,1
DA:86,1
DA:87,1
DA:88,1
DA:89,1
DA:90,1
DA:91,1
DA:92,1
DA:93,1
DA:94,1
DA:95,1
DA:96,1
DA:97,1
DA:98,1
DA:99,1
LF:99
LH:99
BRDA:52,0,0,7
BRDA:55,1,0,3
BRDA:59,2,0,2
BRDA:60,3,0,2
BRDA:63,4,0,5
BRDA:64,5,0,4
BRDA:82,6,0,3
BRF:7
BRH:7
end_of_record
